<?xml version="1.0" encoding="UTF-8"?>
<testng-results ignored="0" total="5" passed="5" failed="0" skipped="0">
  <reporter-output>
  </reporter-output>
  <suite started-at="2026-01-16T17:33:04 IST" name="Bookswagon Automation Suite" finished-at="2026-01-16T17:34:26 IST" duration-ms="81577">
    <groups>
    </groups>
    <test started-at="2026-01-16T17:33:04 IST" name="Regression Tests" finished-at="2026-01-16T17:34:26 IST" duration-ms="81577">
      <class name="TestClasses.NewArrivalsTest">
        <test-method signature="verifyNewArrivalsFilterFlow()[pri:0, instance:TestClasses.NewArrivalsTest@6b2ea799]" started-at="2026-01-16T17:34:06 IST" name="verifyNewArrivalsFilterFlow" finished-at="2026-01-16T17:34:18 IST" duration-ms="12319" status="PASS">
          <reporter-output>
          </reporter-output>
        </test-method> <!-- verifyNewArrivalsFilterFlow -->
      </class> <!-- TestClasses.NewArrivalsTest -->
      <class name="TestClasses.AddBestBookToCartTest">
        <test-method signature="addMultipleBooksAndVerifyCart()[pri:0, instance:TestClasses.AddBestBookToCartTest@5fe94a96]" started-at="2026-01-16T17:33:04 IST" name="addMultipleBooksAndVerifyCart" finished-at="2026-01-16T17:33:19 IST" duration-ms="14972" status="PASS">
          <reporter-output>
          </reporter-output>
        </test-method> <!-- addMultipleBooksAndVerifyCart -->
      </class> <!-- TestClasses.AddBestBookToCartTest -->
      <class name="TestClasses.verifyCartPersistenceAfterNavigation">
        <test-method signature="verifyCartPersistenceAfterNavigation()[pri:0, instance:TestClasses.verifyCartPersistenceAfterNavigation@6771beb3]" started-at="2026-01-16T17:33:19 IST" name="verifyCartPersistenceAfterNavigation" finished-at="2026-01-16T17:33:36 IST" duration-ms="16731" status="PASS">
          <reporter-output>
          </reporter-output>
        </test-method> <!-- verifyCartPersistenceAfterNavigation -->
      </class> <!-- TestClasses.verifyCartPersistenceAfterNavigation -->
      <class name="TestClasses.SearchBookTest">
        <test-method signature="verifyBookSearch()[pri:0, instance:TestClasses.SearchBookTest@411f53a0]" started-at="2026-01-16T17:34:18 IST" name="verifyBookSearch" finished-at="2026-01-16T17:34:26 IST" duration-ms="7232" status="PASS">
          <reporter-output>
          </reporter-output>
        </test-method> <!-- verifyBookSearch -->
      </class> <!-- TestClasses.SearchBookTest -->
      <class name="TestClasses.verifyCartIsEmptyInNewSession">
        <test-method signature="verifyCartIsEmptyInNewSession()[pri:0, instance:TestClasses.verifyCartIsEmptyInNewSession@51399530]" started-at="2026-01-16T17:33:36 IST" name="verifyCartIsEmptyInNewSession" finished-at="2026-01-16T17:34:06 IST" duration-ms="30023" status="PASS">
          <reporter-output>
          </reporter-output>
        </test-method> <!-- verifyCartIsEmptyInNewSession -->
      </class> <!-- TestClasses.verifyCartIsEmptyInNewSession -->
    </test> <!-- Regression Tests -->
  </suite> <!-- Bookswagon Automation Suite -->
</testng-results>
