<?xml version="1.0" encoding="UTF-8"?>
<!-- Generated by org.testng.reporters.JUnitXMLReporter -->
<testsuite ignored="0" hostname="LAPTOP-OSU4BO6T" failures="0" tests="5" name="Regression Tests" time="80.029" errors="0" timestamp="2026-01-16T11:53:55 IST">
  <testcase classname="TestClasses.AddBestBookToCartTest" name="addMultipleBooksAndVerifyCart" time="14.89"/>
  <testcase classname="TestClasses.verifyCartPersistenceAfterNavigation" name="verifyCartPersistenceAfterNavigation" time="15.043"/>
  <testcase classname="TestClasses.verifyCartIsEmptyInNewSession" name="verifyCartIsEmptyInNewSession" time="29.582"/>
  <testcase classname="TestClasses.NewArrivalsTest" name="verifyNewArrivalsFilterFlow" time="12.245"/>
  <testcase classname="TestClasses.SearchBookTest" name="verifyBookSearch" time="8.01"/>
</testsuite> <!-- Regression Tests -->
