<?xml version="1.0" encoding="UTF-8"?>
<!-- Generated by org.testng.reporters.JUnitXMLReporter -->
<testsuite ignored="0" hostname="LAPTOP-OSU4BO6T" failures="0" tests="5" name="Regression Tests" time="81.577" errors="0" timestamp="2026-01-16T17:34:26 IST">
  <testcase classname="TestClasses.AddBestBookToCartTest" name="addMultipleBooksAndVerifyCart" time="14.972"/>
  <testcase classname="TestClasses.verifyCartPersistenceAfterNavigation" name="verifyCartPersistenceAfterNavigation" time="16.731"/>
  <testcase classname="TestClasses.verifyCartIsEmptyInNewSession" name="verifyCartIsEmptyInNewSession" time="30.023"/>
  <testcase classname="TestClasses.NewArrivalsTest" name="verifyNewArrivalsFilterFlow" time="12.319"/>
  <testcase classname="TestClasses.SearchBookTest" name="verifyBookSearch" time="7.232"/>
</testsuite> <!-- Regression Tests -->
